Build started 2016/3/22 2:23:15.
     1>Project "C:\Users\s144037\Desktop\test_0320\multithread\Builds\VisualStudio2013\multithread.vcxproj" on node 2 (Build target(s)).
     1>ClCompile:
         C:\Program Files (x86)\Microsoft Visual Studio 12.0\VC\bin\CL.exe /c /I..\..\JuceLibraryCode /I..\..\..\modules /ZI /nologo /W4 /WX- /MP /Od /Oy- /D _CONSOLE /D _CRT_SECURE_NO_WARNINGS /D WIN32 /D _WINDOWS /D DEBUG /D _DEBUG /D JUCER_VS2013_78A5020=1 /D JUCE_APP_VERSION=1.0.0 /D JUCE_APP_VERSION_HEX=0x10000 /Gm- /EHsc /MTd /GS /fp:precise /Zc:wchar_t /Zc:forScope /GR /Fo"Debug\\" /Fd"Debug\\vc120.pdb" /Gd /TP /analyze- /errorReport:prompt ..\..\Source\Main.cpp
         Main.cpp
     1>c:\users\s144037\desktop\test_0320\multithread\source\main.cpp(174): warning C4512: 'Producer' : assignment operator could not be generated
                 c:\users\s144037\desktop\test_0320\multithread\source\main.cpp(156) : see declaration of 'Producer'
     1>c:\users\s144037\desktop\test_0320\multithread\source\main.cpp(163): warning C4127: conditional expression is constant
     1>c:\users\s144037\desktop\test_0320\multithread\source\main.cpp(164): warning C4244: 'initializing' : conversion from 'int' to 'float', possible loss of data
     1>c:\users\s144037\desktop\test_0320\multithread\source\main.cpp(193): warning C4512: 'Consumer' : assignment operator could not be generated
                 c:\users\s144037\desktop\test_0320\multithread\source\main.cpp(177) : see declaration of 'Consumer'
     1>c:\users\s144037\desktop\test_0320\multithread\source\main.cpp(185): warning C4127: conditional expression is constant
       Link:
         C:\Program Files (x86)\Microsoft Visual Studio 12.0\VC\bin\link.exe /ERRORREPORT:PROMPT /OUT:"C:\Users\s144037\Desktop\test_0320\multithread\Builds\VisualStudio2013\Debug\\multithread.exe" /NOLOGO kernel32.lib user32.lib gdi32.lib winspool.lib comdlg32.lib advapi32.lib shell32.lib ole32.lib oleaut32.lib uuid.lib odbc32.lib odbccp32.lib /NODEFAULTLIB:libcmt.lib /NODEFAULTLIB:msvcrt.lib /MANIFEST /MANIFESTUAC:"level='asInvoker' uiAccess='false'" /manifest:embed /DEBUG /PDB:"Debug\\multithread.pdb" /SUBSYSTEM:CONSOLE /LARGEADDRESSAWARE /TLBID:1 /DYNAMICBASE /NXCOMPAT /IMPLIB:"C:\Users\s144037\Desktop\test_0320\multithread\Builds\VisualStudio2013\Debug\multithread.lib" /MACHINE:X86 /SAFESEH:NO Debug\resources.res
         Debug\\Main.obj
         Debug\\juce_audio_basics.obj
         Debug\\juce_audio_devices.obj
         Debug\\juce_audio_formats.obj
         Debug\\juce_audio_processors.obj
         Debug\\juce_core.obj
         Debug\\juce_cryptography.obj
         Debug\\juce_data_structures.obj
         Debug\\juce_events.obj
         Debug\\juce_graphics.obj
         Debug\\juce_gui_basics.obj
         Debug\\juce_gui_extra.obj
         Debug\\juce_opengl.obj
         Debug\\juce_video.obj
         multithread.vcxproj -> C:\Users\s144037\Desktop\test_0320\multithread\Builds\VisualStudio2013\Debug\multithread.exe
     1>Done Building Project "C:\Users\s144037\Desktop\test_0320\multithread\Builds\VisualStudio2013\multithread.vcxproj" (Build target(s)).

Build succeeded.

Time Elapsed 00:00:02.26
